<?xml version="1.0" encoding="UTF-8" ?>
<testsuite tests="7" failures="0" name="TestSuite" time="0.022" errors="0" skipped="0">
  <properties>
[...]
</properties>
  <testcase classname="qaclickacademy.AppiumTest" name="IOSApps" time="0.017"/>
  <testcase classname="qaclickacademy.AppiumTest" name="NativeAPpAndroid" time="0"/>
  <testcase classname="qaclickacademy.AppiumTest" name="pal" time="0.001"/>
  <testcase classname="qaclickacademy.RESTAPITest" name="deleteTwitter" time="0"/>
  <testcase classname="qaclickacademy.RESTAPITest" name="postJira" time="0.001"/>
  <testcase classname="qaclickacademy.SeleniumTest" name="BrowserAUtomation" time="0.002"/>
  <testcase classname="qaclickacademy.SeleniumTest" name="elementsUi" time="0.001"/>
</testsuite>